<?xml version="1.0" encoding="UTF-8"?>
<testsuites>
  <testsuite name="/var/www/html/erickcomp-laravel-breadcrumbs-attributes/tests" tests="22" assertions="23" errors="0" warnings="0" failures="0" skipped="0" time="0.241865">
    <testsuite name="ErickComp\BreadcrumbAttributes\Tests\BreadcrumbsAttributesTest" file="/var/www/html/erickcomp-laravel-breadcrumbs-attributes/tests/BreadcrumbsAttributesTest.php" tests="16" assertions="16" errors="0" warnings="0" failures="0" skipped="0" time="0.168468">
      <testcase name="it_can_register_a_breadcrumb_without_parent" class="ErickComp\BreadcrumbAttributes\Tests\BreadcrumbsAttributesTest" classname="ErickComp.BreadcrumbAttributes.Tests.BreadcrumbsAttributesTest" file="/var/www/html/erickcomp-laravel-breadcrumbs-attributes/tests/BreadcrumbsAttributesTest.php" line="32" assertions="1" time="0.074308"/>
      <testcase name="it_can_generate_a_breadcrumb_without_parent" class="ErickComp\BreadcrumbAttributes\Tests\BreadcrumbsAttributesTest" classname="ErickComp.BreadcrumbAttributes.Tests.BreadcrumbsAttributesTest" file="/var/www/html/erickcomp-laravel-breadcrumbs-attributes/tests/BreadcrumbsAttributesTest.php" line="38" assertions="1" time="0.015871"/>
      <testcase name="it_can_register_a_breadcrumb_with_a_simple_label" class="ErickComp\BreadcrumbAttributes\Tests\BreadcrumbsAttributesTest" classname="ErickComp.BreadcrumbAttributes.Tests.BreadcrumbsAttributesTest" file="/var/www/html/erickcomp-laravel-breadcrumbs-attributes/tests/BreadcrumbsAttributesTest.php" line="51" assertions="1" time="0.004450"/>
      <testcase name="it_can_generate_a_breadcrumb_with_a_simple_label" class="ErickComp\BreadcrumbAttributes\Tests\BreadcrumbsAttributesTest" classname="ErickComp.BreadcrumbAttributes.Tests.BreadcrumbsAttributesTest" file="/var/www/html/erickcomp-laravel-breadcrumbs-attributes/tests/BreadcrumbsAttributesTest.php" line="57" assertions="1" time="0.005579"/>
      <testcase name="it_can_register_a_breadcrumb_with_an_action_param" class="ErickComp\BreadcrumbAttributes\Tests\BreadcrumbsAttributesTest" classname="ErickComp.BreadcrumbAttributes.Tests.BreadcrumbsAttributesTest" file="/var/www/html/erickcomp-laravel-breadcrumbs-attributes/tests/BreadcrumbsAttributesTest.php" line="74" assertions="1" time="0.004908"/>
      <testcase name="it_can_generate_a_breadcrumb_with_an_action_param" class="ErickComp\BreadcrumbAttributes\Tests\BreadcrumbsAttributesTest" classname="ErickComp.BreadcrumbAttributes.Tests.BreadcrumbsAttributesTest" file="/var/www/html/erickcomp-laravel-breadcrumbs-attributes/tests/BreadcrumbsAttributesTest.php" line="80" assertions="1" time="0.005446"/>
      <testcase name="it_can_register_a_breadcrumb_with_an_action_param_method" class="ErickComp\BreadcrumbAttributes\Tests\BreadcrumbsAttributesTest" classname="ErickComp.BreadcrumbAttributes.Tests.BreadcrumbsAttributesTest" file="/var/www/html/erickcomp-laravel-breadcrumbs-attributes/tests/BreadcrumbsAttributesTest.php" line="97" assertions="1" time="0.004740"/>
      <testcase name="it_can_generate_a_breadcrumb_with_an_action_param_method" class="ErickComp\BreadcrumbAttributes\Tests\BreadcrumbsAttributesTest" classname="ErickComp.BreadcrumbAttributes.Tests.BreadcrumbsAttributesTest" file="/var/www/html/erickcomp-laravel-breadcrumbs-attributes/tests/BreadcrumbsAttributesTest.php" line="103" assertions="1" time="0.005954"/>
      <testcase name="it_can_register_a_breadcrumb_with_an_action_param_property" class="ErickComp\BreadcrumbAttributes\Tests\BreadcrumbsAttributesTest" classname="ErickComp.BreadcrumbAttributes.Tests.BreadcrumbsAttributesTest" file="/var/www/html/erickcomp-laravel-breadcrumbs-attributes/tests/BreadcrumbsAttributesTest.php" line="120" assertions="1" time="0.004619"/>
      <testcase name="it_can_generate_a_breadcrumb_with_an_action_param_property" class="ErickComp\BreadcrumbAttributes\Tests\BreadcrumbsAttributesTest" classname="ErickComp.BreadcrumbAttributes.Tests.BreadcrumbsAttributesTest" file="/var/www/html/erickcomp-laravel-breadcrumbs-attributes/tests/BreadcrumbsAttributesTest.php" line="126" assertions="1" time="0.005505"/>
      <testcase name="it_can_register_a_breadcrumb_with_a_concat_label" class="ErickComp\BreadcrumbAttributes\Tests\BreadcrumbsAttributesTest" classname="ErickComp.BreadcrumbAttributes.Tests.BreadcrumbsAttributesTest" file="/var/www/html/erickcomp-laravel-breadcrumbs-attributes/tests/BreadcrumbsAttributesTest.php" line="143" assertions="1" time="0.005140"/>
      <testcase name="it_can_generate_a_breadcrumb_with_a_concat_label" class="ErickComp\BreadcrumbAttributes\Tests\BreadcrumbsAttributesTest" classname="ErickComp.BreadcrumbAttributes.Tests.BreadcrumbsAttributesTest" file="/var/www/html/erickcomp-laravel-breadcrumbs-attributes/tests/BreadcrumbsAttributesTest.php" line="149" assertions="1" time="0.005651"/>
      <testcase name="it_can_register_a_breadcrumb_with_an_eval_crumb" class="ErickComp\BreadcrumbAttributes\Tests\BreadcrumbsAttributesTest" classname="ErickComp.BreadcrumbAttributes.Tests.BreadcrumbsAttributesTest" file="/var/www/html/erickcomp-laravel-breadcrumbs-attributes/tests/BreadcrumbsAttributesTest.php" line="166" assertions="1" time="0.004796"/>
      <testcase name="it_can_generate_a_breadcrumb_with_an_eval_crumb" class="ErickComp\BreadcrumbAttributes\Tests\BreadcrumbsAttributesTest" classname="ErickComp.BreadcrumbAttributes.Tests.BreadcrumbsAttributesTest" file="/var/www/html/erickcomp-laravel-breadcrumbs-attributes/tests/BreadcrumbsAttributesTest.php" line="172" assertions="1" time="0.006410"/>
      <testcase name="it_can_register_a_breadcrumb_using_the_spatie_route_attribute_name" class="ErickComp\BreadcrumbAttributes\Tests\BreadcrumbsAttributesTest" classname="ErickComp.BreadcrumbAttributes.Tests.BreadcrumbsAttributesTest" file="/var/www/html/erickcomp-laravel-breadcrumbs-attributes/tests/BreadcrumbsAttributesTest.php" line="189" assertions="1" time="0.004825"/>
      <testcase name="it_render_a_breadcrumb_trail_using_the_component" class="ErickComp\BreadcrumbAttributes\Tests\BreadcrumbsAttributesTest" classname="ErickComp.BreadcrumbAttributes.Tests.BreadcrumbsAttributesTest" file="/var/www/html/erickcomp-laravel-breadcrumbs-attributes/tests/BreadcrumbsAttributesTest.php" line="200" assertions="1" time="0.010266"/>
    </testsuite>
    <testsuite name="ErickComp\BreadcrumbAttributes\Tests\ServiceProviderTest" file="/var/www/html/erickcomp-laravel-breadcrumbs-attributes/tests/ServiceProviderTest.php" tests="6" assertions="7" errors="0" warnings="0" failures="0" skipped="0" time="0.073397">
      <testcase name="the_provider_can_register_application_macro_getCachedErickCompLaravelAttributesBreadcrumbsPath" class="ErickComp\BreadcrumbAttributes\Tests\ServiceProviderTest" classname="ErickComp.BreadcrumbAttributes.Tests.ServiceProviderTest" file="/var/www/html/erickcomp-laravel-breadcrumbs-attributes/tests/ServiceProviderTest.php" line="26" assertions="1" time="0.004175"/>
      <testcase name="the_provider_can_register_breadcrumbs_cache_command" class="ErickComp\BreadcrumbAttributes\Tests\ServiceProviderTest" classname="ErickComp.BreadcrumbAttributes.Tests.ServiceProviderTest" file="/var/www/html/erickcomp-laravel-breadcrumbs-attributes/tests/ServiceProviderTest.php" line="34" assertions="1" time="0.032499"/>
      <testcase name="the_provider_can_register_breadcrumbs_cache_clear_command" class="ErickComp\BreadcrumbAttributes\Tests\ServiceProviderTest" classname="ErickComp.BreadcrumbAttributes.Tests.ServiceProviderTest" file="/var/www/html/erickcomp-laravel-breadcrumbs-attributes/tests/ServiceProviderTest.php" line="40" assertions="1" time="0.004066"/>
      <testcase name="the_provider_can_register_erickcomp_breadcrumbs_component" class="ErickComp\BreadcrumbAttributes\Tests\ServiceProviderTest" classname="ErickComp.BreadcrumbAttributes.Tests.ServiceProviderTest" file="/var/www/html/erickcomp-laravel-breadcrumbs-attributes/tests/ServiceProviderTest.php" line="46" assertions="1" time="0.003977"/>
      <testcase name="the_provider_can_register_crumb_basket_class_as_singleton" class="ErickComp\BreadcrumbAttributes\Tests\ServiceProviderTest" classname="ErickComp.BreadcrumbAttributes.Tests.ServiceProviderTest" file="/var/www/html/erickcomp-laravel-breadcrumbs-attributes/tests/ServiceProviderTest.php" line="52" assertions="1" time="0.004160"/>
      <testcase name="the_provider_can_register_publish_the_config_file" class="ErickComp\BreadcrumbAttributes\Tests\ServiceProviderTest" classname="ErickComp.BreadcrumbAttributes.Tests.ServiceProviderTest" file="/var/www/html/erickcomp-laravel-breadcrumbs-attributes/tests/ServiceProviderTest.php" line="59" assertions="2" time="0.024520"/>
    </testsuite>
  </testsuite>
</testsuites>
