<?xml version="1.0" encoding="UTF-8"?>
<testsuites>
  <testsuite name="/var/www/html/erickcomp-laravel-breadcrumbs-attributes/tests" tests="21" assertions="22" errors="0" warnings="0" failures="0" skipped="0" time="0.206324">
    <testsuite name="ErickComp\BreadcrumbAttributes\Tests\BreadcrumbsAttributesTest" file="/var/www/html/erickcomp-laravel-breadcrumbs-attributes/tests/BreadcrumbsAttributesTest.php" tests="15" assertions="15" errors="0" warnings="0" failures="0" skipped="0" time="0.140285">
      <testcase name="it_can_register_a_breadcrumb_without_parent" class="ErickComp\BreadcrumbAttributes\Tests\BreadcrumbsAttributesTest" classname="ErickComp.BreadcrumbAttributes.Tests.BreadcrumbsAttributesTest" file="/var/www/html/erickcomp-laravel-breadcrumbs-attributes/tests/BreadcrumbsAttributesTest.php" line="40" assertions="1" time="0.061592"/>
      <testcase name="it_can_generate_a_breadcrumb_without_parent" class="ErickComp\BreadcrumbAttributes\Tests\BreadcrumbsAttributesTest" classname="ErickComp.BreadcrumbAttributes.Tests.BreadcrumbsAttributesTest" file="/var/www/html/erickcomp-laravel-breadcrumbs-attributes/tests/BreadcrumbsAttributesTest.php" line="46" assertions="1" time="0.011168"/>
      <testcase name="it_can_register_a_breadcrumb_with_a_simple_label" class="ErickComp\BreadcrumbAttributes\Tests\BreadcrumbsAttributesTest" classname="ErickComp.BreadcrumbAttributes.Tests.BreadcrumbsAttributesTest" file="/var/www/html/erickcomp-laravel-breadcrumbs-attributes/tests/BreadcrumbsAttributesTest.php" line="59" assertions="1" time="0.004167"/>
      <testcase name="it_can_generate_a_breadcrumb_with_a_simple_label" class="ErickComp\BreadcrumbAttributes\Tests\BreadcrumbsAttributesTest" classname="ErickComp.BreadcrumbAttributes.Tests.BreadcrumbsAttributesTest" file="/var/www/html/erickcomp-laravel-breadcrumbs-attributes/tests/BreadcrumbsAttributesTest.php" line="65" assertions="1" time="0.004325"/>
      <testcase name="it_can_register_a_breadcrumb_with_an_action_param" class="ErickComp\BreadcrumbAttributes\Tests\BreadcrumbsAttributesTest" classname="ErickComp.BreadcrumbAttributes.Tests.BreadcrumbsAttributesTest" file="/var/www/html/erickcomp-laravel-breadcrumbs-attributes/tests/BreadcrumbsAttributesTest.php" line="82" assertions="1" time="0.004623"/>
      <testcase name="it_can_generate_a_breadcrumb_with_an_action_param" class="ErickComp\BreadcrumbAttributes\Tests\BreadcrumbsAttributesTest" classname="ErickComp.BreadcrumbAttributes.Tests.BreadcrumbsAttributesTest" file="/var/www/html/erickcomp-laravel-breadcrumbs-attributes/tests/BreadcrumbsAttributesTest.php" line="88" assertions="1" time="0.006382"/>
      <testcase name="it_can_register_a_breadcrumb_with_an_action_param_method" class="ErickComp\BreadcrumbAttributes\Tests\BreadcrumbsAttributesTest" classname="ErickComp.BreadcrumbAttributes.Tests.BreadcrumbsAttributesTest" file="/var/www/html/erickcomp-laravel-breadcrumbs-attributes/tests/BreadcrumbsAttributesTest.php" line="105" assertions="1" time="0.005051"/>
      <testcase name="it_can_generate_a_breadcrumb_with_an_action_param_method" class="ErickComp\BreadcrumbAttributes\Tests\BreadcrumbsAttributesTest" classname="ErickComp.BreadcrumbAttributes.Tests.BreadcrumbsAttributesTest" file="/var/www/html/erickcomp-laravel-breadcrumbs-attributes/tests/BreadcrumbsAttributesTest.php" line="111" assertions="1" time="0.004894"/>
      <testcase name="it_can_register_a_breadcrumb_with_an_action_param_property" class="ErickComp\BreadcrumbAttributes\Tests\BreadcrumbsAttributesTest" classname="ErickComp.BreadcrumbAttributes.Tests.BreadcrumbsAttributesTest" file="/var/www/html/erickcomp-laravel-breadcrumbs-attributes/tests/BreadcrumbsAttributesTest.php" line="128" assertions="1" time="0.004872"/>
      <testcase name="it_can_generate_a_breadcrumb_with_an_action_param_property" class="ErickComp\BreadcrumbAttributes\Tests\BreadcrumbsAttributesTest" classname="ErickComp.BreadcrumbAttributes.Tests.BreadcrumbsAttributesTest" file="/var/www/html/erickcomp-laravel-breadcrumbs-attributes/tests/BreadcrumbsAttributesTest.php" line="134" assertions="1" time="0.006261"/>
      <testcase name="it_can_register_a_breadcrumb_with_a_concat_label" class="ErickComp\BreadcrumbAttributes\Tests\BreadcrumbsAttributesTest" classname="ErickComp.BreadcrumbAttributes.Tests.BreadcrumbsAttributesTest" file="/var/www/html/erickcomp-laravel-breadcrumbs-attributes/tests/BreadcrumbsAttributesTest.php" line="151" assertions="1" time="0.005305"/>
      <testcase name="it_can_generate_a_breadcrumb_with_a_concat_label" class="ErickComp\BreadcrumbAttributes\Tests\BreadcrumbsAttributesTest" classname="ErickComp.BreadcrumbAttributes.Tests.BreadcrumbsAttributesTest" file="/var/www/html/erickcomp-laravel-breadcrumbs-attributes/tests/BreadcrumbsAttributesTest.php" line="157" assertions="1" time="0.006483"/>
      <testcase name="it_can_register_a_breadcrumb_with_an_eval_crumb" class="ErickComp\BreadcrumbAttributes\Tests\BreadcrumbsAttributesTest" classname="ErickComp.BreadcrumbAttributes.Tests.BreadcrumbsAttributesTest" file="/var/www/html/erickcomp-laravel-breadcrumbs-attributes/tests/BreadcrumbsAttributesTest.php" line="174" assertions="1" time="0.004778"/>
      <testcase name="it_can_generate_a_breadcrumb_with_an_eval_crumb" class="ErickComp\BreadcrumbAttributes\Tests\BreadcrumbsAttributesTest" classname="ErickComp.BreadcrumbAttributes.Tests.BreadcrumbsAttributesTest" file="/var/www/html/erickcomp-laravel-breadcrumbs-attributes/tests/BreadcrumbsAttributesTest.php" line="180" assertions="1" time="0.005656"/>
      <testcase name="it_can_register_a_breadcrumb_using_the_spatie_route_attribute_name" class="ErickComp\BreadcrumbAttributes\Tests\BreadcrumbsAttributesTest" classname="ErickComp.BreadcrumbAttributes.Tests.BreadcrumbsAttributesTest" file="/var/www/html/erickcomp-laravel-breadcrumbs-attributes/tests/BreadcrumbsAttributesTest.php" line="197" assertions="1" time="0.004725"/>
    </testsuite>
    <testsuite name="ErickComp\BreadcrumbAttributes\Tests\ServiceProviderTest" file="/var/www/html/erickcomp-laravel-breadcrumbs-attributes/tests/ServiceProviderTest.php" tests="6" assertions="7" errors="0" warnings="0" failures="0" skipped="0" time="0.066038">
      <testcase name="the_provider_can_register_application_macro_getCachedErickCompLaravelAttributesBreadcrumbsPath" class="ErickComp\BreadcrumbAttributes\Tests\ServiceProviderTest" classname="ErickComp.BreadcrumbAttributes.Tests.ServiceProviderTest" file="/var/www/html/erickcomp-laravel-breadcrumbs-attributes/tests/ServiceProviderTest.php" line="26" assertions="1" time="0.004254"/>
      <testcase name="the_provider_can_register_breadcrumbs_cache_command" class="ErickComp\BreadcrumbAttributes\Tests\ServiceProviderTest" classname="ErickComp.BreadcrumbAttributes.Tests.ServiceProviderTest" file="/var/www/html/erickcomp-laravel-breadcrumbs-attributes/tests/ServiceProviderTest.php" line="34" assertions="1" time="0.030942"/>
      <testcase name="the_provider_can_register_breadcrumbs_cache_clear_command" class="ErickComp\BreadcrumbAttributes\Tests\ServiceProviderTest" classname="ErickComp.BreadcrumbAttributes.Tests.ServiceProviderTest" file="/var/www/html/erickcomp-laravel-breadcrumbs-attributes/tests/ServiceProviderTest.php" line="40" assertions="1" time="0.003040"/>
      <testcase name="the_provider_can_register_erickcomp_breadcrumbs_component" class="ErickComp\BreadcrumbAttributes\Tests\ServiceProviderTest" classname="ErickComp.BreadcrumbAttributes.Tests.ServiceProviderTest" file="/var/www/html/erickcomp-laravel-breadcrumbs-attributes/tests/ServiceProviderTest.php" line="46" assertions="1" time="0.003390"/>
      <testcase name="the_provider_can_register_crumb_basket_class_as_singleton" class="ErickComp\BreadcrumbAttributes\Tests\ServiceProviderTest" classname="ErickComp.BreadcrumbAttributes.Tests.ServiceProviderTest" file="/var/www/html/erickcomp-laravel-breadcrumbs-attributes/tests/ServiceProviderTest.php" line="52" assertions="1" time="0.003374"/>
      <testcase name="the_provider_can_register_publish_the_config_file" class="ErickComp\BreadcrumbAttributes\Tests\ServiceProviderTest" classname="ErickComp.BreadcrumbAttributes.Tests.ServiceProviderTest" file="/var/www/html/erickcomp-laravel-breadcrumbs-attributes/tests/ServiceProviderTest.php" line="59" assertions="2" time="0.021038"/>
    </testsuite>
  </testsuite>
</testsuites>
